  Determining projects to restore...
  All projects are up-to-date for restore.
  UltimatePOS.Core -> C:\Users\fikri\Desktop\ultimateposwind\src\UltimatePOS.Core\bin\Debug\net8.0\UltimatePOS.Core.dll
  UltimatePOS.Data -> C:\Users\fikri\Desktop\ultimateposwind\src\UltimatePOS.Data\bin\Debug\net8.0\UltimatePOS.Data.dll
C:\Users\fikri\Desktop\ultimateposwind\src\UltimatePOS.Services\ProductService.cs(89,79): error CS1061: 'Product' does not contain a definition for 'CreatedAt' and no accessible extension method 'CreatedAt' accepting a first argument of type 'Product' could be found (are you missing a using directive or an assembly reference?) [C:\Users\fikri\Desktop\ultimateposwind\src\UltimatePOS.Services\UltimatePOS.Services.csproj]
C:\Users\fikri\Desktop\ultimateposwind\src\UltimatePOS.Services\ProductService.cs(89,113): error CS1061: 'Product' does not contain a definition for 'CreatedAt' and no accessible extension method 'CreatedAt' accepting a first argument of type 'Product' could be found (are you missing a using directive or an assembly reference?) [C:\Users\fikri\Desktop\ultimateposwind\src\UltimatePOS.Services\UltimatePOS.Services.csproj]

Build FAILED.

C:\Users\fikri\Desktop\ultimateposwind\src\UltimatePOS.Services\ProductService.cs(89,79): error CS1061: 'Product' does not contain a definition for 'CreatedAt' and no accessible extension method 'CreatedAt' accepting a first argument of type 'Product' could be found (are you missing a using directive or an assembly reference?) [C:\Users\fikri\Desktop\ultimateposwind\src\UltimatePOS.Services\UltimatePOS.Services.csproj]
C:\Users\fikri\Desktop\ultimateposwind\src\UltimatePOS.Services\ProductService.cs(89,113): error CS1061: 'Product' does not contain a definition for 'CreatedAt' and no accessible extension method 'CreatedAt' accepting a first argument of type 'Product' could be found (are you missing a using directive or an assembly reference?) [C:\Users\fikri\Desktop\ultimateposwind\src\UltimatePOS.Services\UltimatePOS.Services.csproj]
    0 Warning(s)
    2 Error(s)

Time Elapsed 00:00:02.42
